<?xml version="1.0" encoding="UTF-8"?>
<!-- Generated by org.testng.reporters.JUnitReportReporter -->
<testsuite skipped="0" hostname="Simlat_Asus" name="RestAssuredTestingIpivot.RestAssuredTestingIpivot.TC001_GET_Req1" tests="1" failures="0" timestamp="2020-03-10T23:45:50 EDT" time="2.705" errors="0">
  <testcase name="getWeatherDetails" time="2.705" classname="RestAssuredTestingIpivot.RestAssuredTestingIpivot.TC001_GET_Req1"/>
  <system-out/>
</testsuite> <!-- RestAssuredTestingIpivot.RestAssuredTestingIpivot.TC001_GET_Req1 -->
